Arguments: 
  /usr/local/bin/node /usr/local/bin/yarn add -D typescript

PATH: 
  /opt/homebrew/bin:/opt/homebrew/sbin:/usr/local/bin:/usr/bin:/bin:/usr/sbin:/sbin:/opt/homebrew/bin:/opt/homebrew/sbin:/Users/ajand/.cargo/bin:/Users/ajand/.local/bin:/Users/ajand/Library/Python/3.9/bin:/Users/ajand/.foundry/bin:/Users/ajand/.local/bin:/Users/ajand/Library/Python/3.9/bin:/Users/ajand/.local/bin:/Users/ajand/Library/Python/3.9/bin:/Users/ajand/.foundry/bin

Yarn version: 
  1.22.17

Node version: 
  16.14.2

Platform: 
  darwin arm64

Trace: 
  SyntaxError: /Users/ajand/Projects/sovryn/sovryn-governance-data/package.json: Unexpected end of JSON input
      at JSON.parse (<anonymous>)
      at /usr/local/lib/node_modules/yarn/lib/cli.js:1625:59
      at Generator.next (<anonymous>)
      at step (/usr/local/lib/node_modules/yarn/lib/cli.js:310:30)
      at /usr/local/lib/node_modules/yarn/lib/cli.js:321:13

npm manifest: 
  

yarn manifest: 
  No manifest

Lockfile: 
  No lockfile
